2021/01/18 16:50:24 : Traceback (most recent call last):
  File "/opt/lampp/htdocs/v32/cartmigration/controllers/migration.py", line 665, in storage_data
    getattr(self.get_source_cart(), 'finish_storage_data')()
  File "/opt/lampp/htdocs/v32/cartmigration/models/basecart.py", line 3929, in finish_storage_data
    folder_upload = self.get_folder_upload(self._migration_id)
  File "/opt/lampp/htdocs/v32/cartmigration/models/basecart.py", line 3941, in get_folder_upload
    folder_upload = root_path + '/' + DIR_UPLOAD + '/' + get_config_ini('src', 'file', file = 'test.ini')
TypeError: must be str, not NoneType

2021/01/18 16:50:28 : import product 9.0 false.
2021/01/18 16:50:28 : import product 10.0 false.
2021/01/18 16:50:28 : import product 16.0 false.
2021/01/18 16:50:28 : import product 17.0 false.
2021/01/18 16:50:29 : import product 18.0 false.
2021/01/18 16:50:29 : import product 19.0 false.
2021/01/18 16:50:29 : import product 20.0 false.
2021/01/18 16:50:29 : import product 22.0 false.
2021/01/18 16:50:29 : import product 23.0 false.
2021/01/18 16:50:29 : import product 24.0 false.
2021/01/18 16:50:29 : import product 25.0 false.
2021/01/18 16:50:29 : import product 37.0 false.
2021/01/18 16:50:29 : import product 39.0 false.
2021/01/18 16:50:29 : import product 41.0 false.
2021/01/18 16:50:29 : import product 42.0 false.
2021/01/18 16:50:29 : import product 43.0 false.
2021/01/18 16:50:30 : import product 44.0 false.
2021/01/18 16:50:30 : import product 47.0 false.
2021/01/18 16:50:30 : import product 48.0 false.
2021/01/18 16:50:30 : import product 49.0 false.
