2021/01/27 17:28:32 : orders_errors 1: Traceback (most recent call last):
  File "/opt/lampp/htdocs/v32/cartmigration/controllers/migration.py", line 1072, in migration
    import_data = fn_import(convert_data, main, ext)
  File "/opt/lampp/htdocs/v32/cartmigration/models/cart/woocommerce.py", line 4291, in order_import
    item_product = item['product']
TypeError: list indices must be integers or slices, not str

2021/01/27 17:28:34 : orders_errors 2: Traceback (most recent call last):
  File "/opt/lampp/htdocs/v32/cartmigration/controllers/migration.py", line 1072, in migration
    import_data = fn_import(convert_data, main, ext)
  File "/opt/lampp/htdocs/v32/cartmigration/models/cart/woocommerce.py", line 4291, in order_import
    item_product = item['product']
TypeError: list indices must be integers or slices, not str

2021/01/27 17:28:36 : orders_errors 3: Traceback (most recent call last):
  File "/opt/lampp/htdocs/v32/cartmigration/controllers/migration.py", line 1072, in migration
    import_data = fn_import(convert_data, main, ext)
  File "/opt/lampp/htdocs/v32/cartmigration/models/cart/woocommerce.py", line 4291, in order_import
    item_product = item['product']
TypeError: list indices must be integers or slices, not str

2021/01/27 17:28:38 : orders_errors 4: Traceback (most recent call last):
  File "/opt/lampp/htdocs/v32/cartmigration/controllers/migration.py", line 1072, in migration
    import_data = fn_import(convert_data, main, ext)
  File "/opt/lampp/htdocs/v32/cartmigration/models/cart/woocommerce.py", line 4291, in order_import
    item_product = item['product']
TypeError: list indices must be integers or slices, not str

2021/01/27 17:28:40 : orders_errors 5: Traceback (most recent call last):
  File "/opt/lampp/htdocs/v32/cartmigration/controllers/migration.py", line 1072, in migration
    import_data = fn_import(convert_data, main, ext)
  File "/opt/lampp/htdocs/v32/cartmigration/models/cart/woocommerce.py", line 4291, in order_import
    item_product = item['product']
TypeError: list indices must be integers or slices, not str

2021/01/27 17:28:42 : orders_errors 6: Traceback (most recent call last):
  File "/opt/lampp/htdocs/v32/cartmigration/controllers/migration.py", line 1072, in migration
    import_data = fn_import(convert_data, main, ext)
  File "/opt/lampp/htdocs/v32/cartmigration/models/cart/woocommerce.py", line 4291, in order_import
    item_product = item['product']
TypeError: list indices must be integers or slices, not str

2021/01/27 17:28:44 : orders_errors 7: Traceback (most recent call last):
  File "/opt/lampp/htdocs/v32/cartmigration/controllers/migration.py", line 1072, in migration
    import_data = fn_import(convert_data, main, ext)
  File "/opt/lampp/htdocs/v32/cartmigration/models/cart/woocommerce.py", line 4291, in order_import
    item_product = item['product']
TypeError: list indices must be integers or slices, not str

2021/01/27 17:28:45 : orders_errors 8: Traceback (most recent call last):
  File "/opt/lampp/htdocs/v32/cartmigration/controllers/migration.py", line 1072, in migration
    import_data = fn_import(convert_data, main, ext)
  File "/opt/lampp/htdocs/v32/cartmigration/models/cart/woocommerce.py", line 4291, in order_import
    item_product = item['product']
TypeError: list indices must be integers or slices, not str

