2021/01/19 09:01:57 : Traceback (most recent call last):
  File "/opt/lampp/htdocs/v32/cartmigration/controllers/migration.py", line 665, in storage_data
    getattr(self.get_source_cart(), 'finish_storage_data')()
  File "/opt/lampp/htdocs/v32/cartmigration/models/basecart.py", line 3929, in finish_storage_data
    folder_upload = self.get_folder_upload(self._migration_id)
  File "/opt/lampp/htdocs/v32/cartmigration/models/basecart.py", line 3941, in get_folder_upload
    folder_upload = root_path + '/' + DIR_UPLOAD + '/' + get_config_ini('src', 'file', file = 'test.ini')
TypeError: must be str, not NoneType

2021/01/19 09:02:01 : products_errors 9: Traceback (most recent call last):
  File "/opt/lampp/htdocs/v32/cartmigration/controllers/migration.py", line 1036, in migration
    convert = fn_convert_export(main, ext)
  File "/opt/lampp/htdocs/v32/cartmigration/models/cart/custom.py", line 539, in convert_product_export
    product_data['weight'] = product['product_weight']
KeyError: 'product_weight'

2021/01/19 09:02:01 : products_errors 10: Traceback (most recent call last):
  File "/opt/lampp/htdocs/v32/cartmigration/controllers/migration.py", line 1036, in migration
    convert = fn_convert_export(main, ext)
  File "/opt/lampp/htdocs/v32/cartmigration/models/cart/custom.py", line 539, in convert_product_export
    product_data['weight'] = product['product_weight']
KeyError: 'product_weight'

2021/01/19 09:02:01 : products_errors 16: Traceback (most recent call last):
  File "/opt/lampp/htdocs/v32/cartmigration/controllers/migration.py", line 1036, in migration
    convert = fn_convert_export(main, ext)
  File "/opt/lampp/htdocs/v32/cartmigration/models/cart/custom.py", line 539, in convert_product_export
    product_data['weight'] = product['product_weight']
KeyError: 'product_weight'

2021/01/19 09:02:01 : products_errors 17: Traceback (most recent call last):
  File "/opt/lampp/htdocs/v32/cartmigration/controllers/migration.py", line 1036, in migration
    convert = fn_convert_export(main, ext)
  File "/opt/lampp/htdocs/v32/cartmigration/models/cart/custom.py", line 539, in convert_product_export
    product_data['weight'] = product['product_weight']
KeyError: 'product_weight'

2021/01/19 09:02:01 : products_errors 18: Traceback (most recent call last):
  File "/opt/lampp/htdocs/v32/cartmigration/controllers/migration.py", line 1036, in migration
    convert = fn_convert_export(main, ext)
  File "/opt/lampp/htdocs/v32/cartmigration/models/cart/custom.py", line 539, in convert_product_export
    product_data['weight'] = product['product_weight']
KeyError: 'product_weight'

2021/01/19 09:02:01 : products_errors 19: Traceback (most recent call last):
  File "/opt/lampp/htdocs/v32/cartmigration/controllers/migration.py", line 1036, in migration
    convert = fn_convert_export(main, ext)
  File "/opt/lampp/htdocs/v32/cartmigration/models/cart/custom.py", line 539, in convert_product_export
    product_data['weight'] = product['product_weight']
KeyError: 'product_weight'

2021/01/19 09:02:01 : products_errors 20: Traceback (most recent call last):
  File "/opt/lampp/htdocs/v32/cartmigration/controllers/migration.py", line 1036, in migration
    convert = fn_convert_export(main, ext)
  File "/opt/lampp/htdocs/v32/cartmigration/models/cart/custom.py", line 539, in convert_product_export
    product_data['weight'] = product['product_weight']
KeyError: 'product_weight'

2021/01/19 09:02:01 : products_errors 22: Traceback (most recent call last):
  File "/opt/lampp/htdocs/v32/cartmigration/controllers/migration.py", line 1036, in migration
    convert = fn_convert_export(main, ext)
  File "/opt/lampp/htdocs/v32/cartmigration/models/cart/custom.py", line 539, in convert_product_export
    product_data['weight'] = product['product_weight']
KeyError: 'product_weight'

2021/01/19 09:02:01 : products_errors 23: Traceback (most recent call last):
  File "/opt/lampp/htdocs/v32/cartmigration/controllers/migration.py", line 1036, in migration
    convert = fn_convert_export(main, ext)
  File "/opt/lampp/htdocs/v32/cartmigration/models/cart/custom.py", line 539, in convert_product_export
    product_data['weight'] = product['product_weight']
KeyError: 'product_weight'

2021/01/19 09:02:01 : products_errors 24: Traceback (most recent call last):
  File "/opt/lampp/htdocs/v32/cartmigration/controllers/migration.py", line 1036, in migration
    convert = fn_convert_export(main, ext)
  File "/opt/lampp/htdocs/v32/cartmigration/models/cart/custom.py", line 539, in convert_product_export
    product_data['weight'] = product['product_weight']
KeyError: 'product_weight'

2021/01/19 09:02:01 : products_errors 25: Traceback (most recent call last):
  File "/opt/lampp/htdocs/v32/cartmigration/controllers/migration.py", line 1036, in migration
    convert = fn_convert_export(main, ext)
  File "/opt/lampp/htdocs/v32/cartmigration/models/cart/custom.py", line 539, in convert_product_export
    product_data['weight'] = product['product_weight']
KeyError: 'product_weight'

2021/01/19 09:02:01 : products_errors 37: Traceback (most recent call last):
  File "/opt/lampp/htdocs/v32/cartmigration/controllers/migration.py", line 1036, in migration
    convert = fn_convert_export(main, ext)
  File "/opt/lampp/htdocs/v32/cartmigration/models/cart/custom.py", line 539, in convert_product_export
    product_data['weight'] = product['product_weight']
KeyError: 'product_weight'

2021/01/19 09:02:01 : products_errors 39: Traceback (most recent call last):
  File "/opt/lampp/htdocs/v32/cartmigration/controllers/migration.py", line 1036, in migration
    convert = fn_convert_export(main, ext)
  File "/opt/lampp/htdocs/v32/cartmigration/models/cart/custom.py", line 539, in convert_product_export
    product_data['weight'] = product['product_weight']
KeyError: 'product_weight'

2021/01/19 09:02:01 : products_errors 41: Traceback (most recent call last):
  File "/opt/lampp/htdocs/v32/cartmigration/controllers/migration.py", line 1036, in migration
    convert = fn_convert_export(main, ext)
  File "/opt/lampp/htdocs/v32/cartmigration/models/cart/custom.py", line 539, in convert_product_export
    product_data['weight'] = product['product_weight']
KeyError: 'product_weight'

2021/01/19 09:02:01 : products_errors 42: Traceback (most recent call last):
  File "/opt/lampp/htdocs/v32/cartmigration/controllers/migration.py", line 1036, in migration
    convert = fn_convert_export(main, ext)
  File "/opt/lampp/htdocs/v32/cartmigration/models/cart/custom.py", line 539, in convert_product_export
    product_data['weight'] = product['product_weight']
KeyError: 'product_weight'

2021/01/19 09:02:01 : products_errors 43: Traceback (most recent call last):
  File "/opt/lampp/htdocs/v32/cartmigration/controllers/migration.py", line 1036, in migration
    convert = fn_convert_export(main, ext)
  File "/opt/lampp/htdocs/v32/cartmigration/models/cart/custom.py", line 539, in convert_product_export
    product_data['weight'] = product['product_weight']
KeyError: 'product_weight'

2021/01/19 09:02:02 : products_errors 44: Traceback (most recent call last):
  File "/opt/lampp/htdocs/v32/cartmigration/controllers/migration.py", line 1036, in migration
    convert = fn_convert_export(main, ext)
  File "/opt/lampp/htdocs/v32/cartmigration/models/cart/custom.py", line 539, in convert_product_export
    product_data['weight'] = product['product_weight']
KeyError: 'product_weight'

2021/01/19 09:02:02 : products_errors 47: Traceback (most recent call last):
  File "/opt/lampp/htdocs/v32/cartmigration/controllers/migration.py", line 1036, in migration
    convert = fn_convert_export(main, ext)
  File "/opt/lampp/htdocs/v32/cartmigration/models/cart/custom.py", line 539, in convert_product_export
    product_data['weight'] = product['product_weight']
KeyError: 'product_weight'

2021/01/19 09:02:02 : products_errors 48: Traceback (most recent call last):
  File "/opt/lampp/htdocs/v32/cartmigration/controllers/migration.py", line 1036, in migration
    convert = fn_convert_export(main, ext)
  File "/opt/lampp/htdocs/v32/cartmigration/models/cart/custom.py", line 539, in convert_product_export
    product_data['weight'] = product['product_weight']
KeyError: 'product_weight'

2021/01/19 09:02:02 : products_errors 49: Traceback (most recent call last):
  File "/opt/lampp/htdocs/v32/cartmigration/controllers/migration.py", line 1036, in migration
    convert = fn_convert_export(main, ext)
  File "/opt/lampp/htdocs/v32/cartmigration/models/cart/custom.py", line 539, in convert_product_export
    product_data['weight'] = product['product_weight']
KeyError: 'product_weight'

