2021/01/28 09:51:21 : orders_errors 1: Traceback (most recent call last):
  File "/opt/lampp/htdocs/v32/cartmigration/controllers/migration.py", line 1072, in migration
    import_data = fn_import(convert_data, main, ext)
  File "/opt/lampp/htdocs/v32/cartmigration/models/cart/woocommerce.py", line 4303, in order_import
    '_line_total': str(item['price']),
TypeError: list indices must be integers or slices, not str

2021/01/28 09:51:23 : orders_errors 2: Traceback (most recent call last):
  File "/opt/lampp/htdocs/v32/cartmigration/controllers/migration.py", line 1072, in migration
    import_data = fn_import(convert_data, main, ext)
  File "/opt/lampp/htdocs/v32/cartmigration/models/cart/woocommerce.py", line 4303, in order_import
    '_line_total': str(item['price']),
TypeError: list indices must be integers or slices, not str

2021/01/28 09:51:25 : orders_errors 3: Traceback (most recent call last):
  File "/opt/lampp/htdocs/v32/cartmigration/controllers/migration.py", line 1072, in migration
    import_data = fn_import(convert_data, main, ext)
  File "/opt/lampp/htdocs/v32/cartmigration/models/cart/woocommerce.py", line 4303, in order_import
    '_line_total': str(item['price']),
TypeError: list indices must be integers or slices, not str

2021/01/28 09:51:27 : orders_errors 4: Traceback (most recent call last):
  File "/opt/lampp/htdocs/v32/cartmigration/controllers/migration.py", line 1072, in migration
    import_data = fn_import(convert_data, main, ext)
  File "/opt/lampp/htdocs/v32/cartmigration/models/cart/woocommerce.py", line 4303, in order_import
    '_line_total': str(item['price']),
TypeError: list indices must be integers or slices, not str

2021/01/28 09:51:29 : orders_errors 5: Traceback (most recent call last):
  File "/opt/lampp/htdocs/v32/cartmigration/controllers/migration.py", line 1072, in migration
    import_data = fn_import(convert_data, main, ext)
  File "/opt/lampp/htdocs/v32/cartmigration/models/cart/woocommerce.py", line 4303, in order_import
    '_line_total': str(item['price']),
TypeError: list indices must be integers or slices, not str

2021/01/28 09:51:31 : orders_errors 6: Traceback (most recent call last):
  File "/opt/lampp/htdocs/v32/cartmigration/controllers/migration.py", line 1072, in migration
    import_data = fn_import(convert_data, main, ext)
  File "/opt/lampp/htdocs/v32/cartmigration/models/cart/woocommerce.py", line 4303, in order_import
    '_line_total': str(item['price']),
TypeError: list indices must be integers or slices, not str

2021/01/28 09:51:32 : orders_errors 7: Traceback (most recent call last):
  File "/opt/lampp/htdocs/v32/cartmigration/controllers/migration.py", line 1072, in migration
    import_data = fn_import(convert_data, main, ext)
  File "/opt/lampp/htdocs/v32/cartmigration/models/cart/woocommerce.py", line 4303, in order_import
    '_line_total': str(item['price']),
TypeError: list indices must be integers or slices, not str

2021/01/28 09:51:34 : orders_errors 8: Traceback (most recent call last):
  File "/opt/lampp/htdocs/v32/cartmigration/controllers/migration.py", line 1072, in migration
    import_data = fn_import(convert_data, main, ext)
  File "/opt/lampp/htdocs/v32/cartmigration/models/cart/woocommerce.py", line 4303, in order_import
    '_line_total': str(item['price']),
TypeError: list indices must be integers or slices, not str

