2021/01/15 10:00:54 : Traceback (most recent call last):
  File "/opt/lampp/htdocs/v32/cartmigration/controllers/migration.py", line 665, in storage_data
    getattr(self.get_source_cart(), 'finish_storage_data')()
  File "/opt/lampp/htdocs/v32/cartmigration/models/basecart.py", line 3929, in finish_storage_data
    folder_upload = self.get_folder_upload(self._migration_id)
  File "/opt/lampp/htdocs/v32/cartmigration/models/basecart.py", line 3941, in get_folder_upload
    folder_upload = root_path + '/' + DIR_UPLOAD + '/' + get_config_ini('src', 'file', file = 'test.ini')
TypeError: must be str, not NoneType

2021/01/15 10:07:09 : customer id 10 import failed. Error: email: has already been taken
2021/01/15 10:07:10 : customer id 11 import failed. Error: email: has already been taken
2021/01/15 10:07:12 : customer id 12 import failed. Error: email: has already been taken
2021/01/15 10:07:48 : order id 5 import failed. Error: Exceeded  API rate limit, please try again in a minute. Upgrade to a paid account to remove this limit.
2021/01/15 10:07:51 : order id 6 import failed. Error: Exceeded  API rate limit, please try again in a minute. Upgrade to a paid account to remove this limit.
2021/01/15 10:07:54 : order id 7 import failed. Error: Exceeded  API rate limit, please try again in a minute. Upgrade to a paid account to remove this limit.
2021/01/15 10:07:57 : order id 8 import failed. Error: Exceeded  API rate limit, please try again in a minute. Upgrade to a paid account to remove this limit.
2021/01/15 10:08:04 : order id 9 import failed. Error: Exceeded  API rate limit, please try again in a minute. Upgrade to a paid account to remove this limit.
2021/01/15 10:08:07 : order id 10 import failed. Error: Exceeded  API rate limit, please try again in a minute. Upgrade to a paid account to remove this limit.
2021/01/15 10:08:09 : order id 11 import failed. Error: Exceeded  API rate limit, please try again in a minute. Upgrade to a paid account to remove this limit.
2021/01/15 10:08:13 : order id 12 import failed. Error: Exceeded  API rate limit, please try again in a minute. Upgrade to a paid account to remove this limit.
2021/01/15 10:08:19 : order id 13 import failed. Error: Exceeded  API rate limit, please try again in a minute. Upgrade to a paid account to remove this limit.
2021/01/15 10:08:22 : order id 14 import failed. Error: Exceeded  API rate limit, please try again in a minute. Upgrade to a paid account to remove this limit.
2021/01/15 10:08:26 : order id 15 import failed. Error: Exceeded  API rate limit, please try again in a minute. Upgrade to a paid account to remove this limit.
2021/01/15 10:08:28 : order id 16 import failed. Error: Exceeded  API rate limit, please try again in a minute. Upgrade to a paid account to remove this limit.
