2021/01/21 13:58:00 : Traceback (most recent call last):
  File "/opt/lampp/htdocs/v32/cartmigration/controllers/migration.py", line 665, in storage_data
    getattr(self.get_source_cart(), 'finish_storage_data')()
  File "/opt/lampp/htdocs/v32/cartmigration/models/basecart.py", line 3929, in finish_storage_data
    folder_upload = self.get_folder_upload(self._migration_id)
  File "/opt/lampp/htdocs/v32/cartmigration/models/basecart.py", line 3941, in get_folder_upload
    folder_upload = root_path + '/' + DIR_UPLOAD + '/' + get_config_ini('src', 'file', file = 'test.ini')
TypeError: must be str, not NoneType

2021/01/21 13:58:30 : Traceback (most recent call last):
  File "/opt/lampp/htdocs/v32/bootstrap.py", line 20, in <module>
    getattr(controller, action_name)(data)
  File "/opt/lampp/htdocs/v32/cartmigration/controllers/migration.py", line 86, in start
    self.run()
  File "/opt/lampp/htdocs/v32/cartmigration/controllers/migration.py", line 132, in run
    result = getattr(self, action)()
  File "/opt/lampp/htdocs/v32/cartmigration/controllers/migration.py", line 1377, in finish_migration
    self.notify_error(entity)
  File "/opt/lampp/htdocs/v32/cartmigration/controllers/migration.py", line 1403, in notify_error
    getattr(self.get_router(), 'create_demo_error')(self._notice)
  File "/opt/lampp/htdocs/v32/cartmigration/models/migration.py", line 310, in create_demo_error
    'user_id': migration['user_id'],
KeyError: 'user_id'

