2021/01/20 14:52:02 : Traceback (most recent call last):
  File "/opt/lampp/htdocs/v32/cartmigration/controllers/migration.py", line 665, in storage_data
    getattr(self.get_source_cart(), 'finish_storage_data')()
  File "/opt/lampp/htdocs/v32/cartmigration/models/basecart.py", line 3929, in finish_storage_data
    folder_upload = self.get_folder_upload(self._migration_id)
  File "/opt/lampp/htdocs/v32/cartmigration/models/basecart.py", line 3941, in get_folder_upload
    folder_upload = root_path + '/' + DIR_UPLOAD + '/' + get_config_ini('src', 'file', file = 'test.ini')
TypeError: must be str, not NoneType

2021/01/20 14:52:07 : orders_errors 1: Traceback (most recent call last):
  File "/opt/lampp/htdocs/v32/cartmigration/controllers/migration.py", line 1072, in migration
    import_data = fn_import(convert_data, main, ext)
  File "/opt/lampp/htdocs/v32/cartmigration/models/cart/shopify.py", line 2988, in order_import
    'name': get_value_by_key_in_dict(convert['shipping_address'], 'first_name', '') + ' ' + get_value_by_key_in_dict(convert['shipping_address'], 'last_name', ''),
TypeError: can only concatenate list (not "str") to list

2021/01/20 14:52:07 : orders_errors 2: Traceback (most recent call last):
  File "/opt/lampp/htdocs/v32/cartmigration/controllers/migration.py", line 1072, in migration
    import_data = fn_import(convert_data, main, ext)
  File "/opt/lampp/htdocs/v32/cartmigration/models/cart/shopify.py", line 2988, in order_import
    'name': get_value_by_key_in_dict(convert['shipping_address'], 'first_name', '') + ' ' + get_value_by_key_in_dict(convert['shipping_address'], 'last_name', ''),
TypeError: can only concatenate list (not "str") to list

2021/01/20 14:52:07 : orders_errors 3: Traceback (most recent call last):
  File "/opt/lampp/htdocs/v32/cartmigration/controllers/migration.py", line 1072, in migration
    import_data = fn_import(convert_data, main, ext)
  File "/opt/lampp/htdocs/v32/cartmigration/models/cart/shopify.py", line 2988, in order_import
    'name': get_value_by_key_in_dict(convert['shipping_address'], 'first_name', '') + ' ' + get_value_by_key_in_dict(convert['shipping_address'], 'last_name', ''),
TypeError: can only concatenate list (not "str") to list

2021/01/20 14:52:07 : orders_errors 4: Traceback (most recent call last):
  File "/opt/lampp/htdocs/v32/cartmigration/controllers/migration.py", line 1072, in migration
    import_data = fn_import(convert_data, main, ext)
  File "/opt/lampp/htdocs/v32/cartmigration/models/cart/shopify.py", line 2988, in order_import
    'name': get_value_by_key_in_dict(convert['shipping_address'], 'first_name', '') + ' ' + get_value_by_key_in_dict(convert['shipping_address'], 'last_name', ''),
TypeError: can only concatenate list (not "str") to list

2021/01/20 14:52:08 : orders_errors 5: Traceback (most recent call last):
  File "/opt/lampp/htdocs/v32/cartmigration/controllers/migration.py", line 1072, in migration
    import_data = fn_import(convert_data, main, ext)
  File "/opt/lampp/htdocs/v32/cartmigration/models/cart/shopify.py", line 2988, in order_import
    'name': get_value_by_key_in_dict(convert['shipping_address'], 'first_name', '') + ' ' + get_value_by_key_in_dict(convert['shipping_address'], 'last_name', ''),
TypeError: can only concatenate list (not "str") to list

2021/01/20 14:52:08 : orders_errors 6: Traceback (most recent call last):
  File "/opt/lampp/htdocs/v32/cartmigration/controllers/migration.py", line 1072, in migration
    import_data = fn_import(convert_data, main, ext)
  File "/opt/lampp/htdocs/v32/cartmigration/models/cart/shopify.py", line 2988, in order_import
    'name': get_value_by_key_in_dict(convert['shipping_address'], 'first_name', '') + ' ' + get_value_by_key_in_dict(convert['shipping_address'], 'last_name', ''),
TypeError: can only concatenate list (not "str") to list

2021/01/20 14:52:08 : orders_errors 7: Traceback (most recent call last):
  File "/opt/lampp/htdocs/v32/cartmigration/controllers/migration.py", line 1072, in migration
    import_data = fn_import(convert_data, main, ext)
  File "/opt/lampp/htdocs/v32/cartmigration/models/cart/shopify.py", line 2988, in order_import
    'name': get_value_by_key_in_dict(convert['shipping_address'], 'first_name', '') + ' ' + get_value_by_key_in_dict(convert['shipping_address'], 'last_name', ''),
TypeError: can only concatenate list (not "str") to list

2021/01/20 14:52:08 : orders_errors 8: Traceback (most recent call last):
  File "/opt/lampp/htdocs/v32/cartmigration/controllers/migration.py", line 1072, in migration
    import_data = fn_import(convert_data, main, ext)
  File "/opt/lampp/htdocs/v32/cartmigration/models/cart/shopify.py", line 2988, in order_import
    'name': get_value_by_key_in_dict(convert['shipping_address'], 'first_name', '') + ' ' + get_value_by_key_in_dict(convert['shipping_address'], 'last_name', ''),
TypeError: can only concatenate list (not "str") to list

