2021/01/16 15:13:18 : Traceback (most recent call last):
  File "/opt/lampp/htdocs/v32/cartmigration/controllers/migration.py", line 665, in storage_data
    getattr(self.get_source_cart(), 'finish_storage_data')()
  File "/opt/lampp/htdocs/v32/cartmigration/models/basecart.py", line 3929, in finish_storage_data
    folder_upload = self.get_folder_upload(self._migration_id)
  File "/opt/lampp/htdocs/v32/cartmigration/models/basecart.py", line 3941, in get_folder_upload
    folder_upload = root_path + '/' + DIR_UPLOAD + '/' + get_config_ini('src', 'file', file = 'test.ini')
TypeError: must be str, not NoneType

2021/01/16 15:13:22 : import 2 error
2021/01/16 15:13:22 : import 3 error
2021/01/16 15:13:22 : import 4 error
2021/01/16 15:13:22 : import 5 error
2021/01/16 15:13:22 : import 6 error
2021/01/16 15:13:22 : import 7 error
2021/01/16 15:13:22 : import 8 error
2021/01/16 15:13:22 : import 9 error
2021/01/16 15:13:23 : import 10 error
2021/01/16 15:13:23 : import 11 error
2021/01/16 15:13:23 : import 12 error
2021/01/16 15:13:23 : import 13 error
2021/01/16 15:13:23 : import 14 error
2021/01/16 15:13:23 : import 15 error
2021/01/16 15:13:23 : import 16 error
2021/01/16 15:13:23 : import 17 error
2021/01/16 15:13:23 : import 19 error
2021/01/16 15:13:23 : import 20 error
2021/01/16 15:13:23 : import 22 error
2021/01/16 15:13:23 : import 23 error
