2021/01/14 17:21:09 : Source token not correct! Probably you used the connector from another account. Please download and reupload connector from your account. <a href="https://litextension.com/faq/docs/unwanted-errors-fix/what-are-the-connector-files-and-how-to-download-them/" target="_blank">More details</a>
2021/01/14 17:22:04 : Traceback (most recent call last):
  File "/opt/lampp/htdocs/v32/cartmigration/controllers/migration.py", line 380, in setup_cart
    setup_target = self.setup_target(data)
  File "/opt/lampp/htdocs/v32/cartmigration/controllers/migration.py", line 514, in setup_target
    display_setup_target = getattr(self.target_cart, 'display_setup_target')(data)
  File "/opt/lampp/htdocs/v32/cartmigration/models/cart/shopify.py", line 54, in display_setup_target
    api_shop = self.api('shop.json')
  File "/opt/lampp/htdocs/v32/cartmigration/models/cart/shopify.py", line 3700, in api
    api_password = self._notice[self._type]['config']['api']['password'] if self._notice[self._type]['config']['api'].get('password') else self._notice[self._type]['config']['api'].get('token')
AttributeError: 'str' object has no attribute 'get'

2021/01/16 14:32:49 : Traceback (most recent call last):
  File "/opt/lampp/htdocs/v32/cartmigration/controllers/migration.py", line 348, in setup_cart
    setup_source = self.setup_source(data)
  File "/opt/lampp/htdocs/v32/cartmigration/controllers/migration.py", line 276, in setup_source
    cart_url = getattr(self.get_source_cart(), 'format_url')(request['src_cart_url'])
  File "/opt/lampp/htdocs/v32/cartmigration/libs/base_controller.py", line 93, in get_source_cart
    self.source_cart = get_model(cart_name)
  File "/opt/lampp/htdocs/v32/cartmigration/libs/utils.py", line 97, in get_model
    module_class = importlib.import_module(model_name)
  File "/usr/lib/python3.6/importlib/__init__.py", line 126, in import_module
    return _bootstrap._gcd_import(name[level:], package, level)
  File "<frozen importlib._bootstrap>", line 994, in _gcd_import
  File "<frozen importlib._bootstrap>", line 971, in _find_and_load
  File "<frozen importlib._bootstrap>", line 955, in _find_and_load_unlocked
  File "<frozen importlib._bootstrap>", line 665, in _load_unlocked
  File "<frozen importlib._bootstrap_external>", line 674, in exec_module
  File "<frozen importlib._bootstrap_external>", line 781, in get_code
  File "<frozen importlib._bootstrap_external>", line 741, in source_to_code
  File "<frozen importlib._bootstrap>", line 219, in _call_with_frames_removed
  File "/opt/lampp/htdocs/v32/cartmigration/models/cart/custom.py", line 494
    }
    ^
SyntaxError: invalid syntax

2021/01/16 14:34:26 : Traceback (most recent call last):
  File "/opt/lampp/htdocs/v32/cartmigration/controllers/migration.py", line 348, in setup_cart
    setup_source = self.setup_source(data)
  File "/opt/lampp/htdocs/v32/cartmigration/controllers/migration.py", line 276, in setup_source
    cart_url = getattr(self.get_source_cart(), 'format_url')(request['src_cart_url'])
  File "/opt/lampp/htdocs/v32/cartmigration/libs/base_controller.py", line 93, in get_source_cart
    self.source_cart = get_model(cart_name)
  File "/opt/lampp/htdocs/v32/cartmigration/libs/utils.py", line 97, in get_model
    module_class = importlib.import_module(model_name)
  File "/usr/lib/python3.6/importlib/__init__.py", line 126, in import_module
    return _bootstrap._gcd_import(name[level:], package, level)
  File "<frozen importlib._bootstrap>", line 994, in _gcd_import
  File "<frozen importlib._bootstrap>", line 971, in _find_and_load
  File "<frozen importlib._bootstrap>", line 955, in _find_and_load_unlocked
  File "<frozen importlib._bootstrap>", line 665, in _load_unlocked
  File "<frozen importlib._bootstrap_external>", line 674, in exec_module
  File "<frozen importlib._bootstrap_external>", line 781, in get_code
  File "<frozen importlib._bootstrap_external>", line 741, in source_to_code
  File "<frozen importlib._bootstrap>", line 219, in _call_with_frames_removed
  File "/opt/lampp/htdocs/v32/cartmigration/models/cart/custom.py", line 494
    }
    ^
SyntaxError: invalid syntax

2021/01/18 08:49:19 : Can’t connect to source store connector url <a href='http://localhost/customcart/le_connector/connector.php' target='_blank'>http://localhost/customcart/le_connector/connector.php</a>, please check if this link is accessible and try again.
2021/01/19 10:31:58 : Traceback (most recent call last):
  File "/opt/lampp/htdocs/v32/cartmigration/controllers/migration.py", line 348, in setup_cart
    setup_source = self.setup_source(data)
  File "/opt/lampp/htdocs/v32/cartmigration/controllers/migration.py", line 276, in setup_source
    cart_url = getattr(self.get_source_cart(), 'format_url')(request['src_cart_url'])
  File "/opt/lampp/htdocs/v32/cartmigration/libs/base_controller.py", line 93, in get_source_cart
    self.source_cart = get_model(cart_name)
  File "/opt/lampp/htdocs/v32/cartmigration/libs/utils.py", line 97, in get_model
    module_class = importlib.import_module(model_name)
  File "/usr/lib/python3.6/importlib/__init__.py", line 126, in import_module
    return _bootstrap._gcd_import(name[level:], package, level)
  File "<frozen importlib._bootstrap>", line 994, in _gcd_import
  File "<frozen importlib._bootstrap>", line 971, in _find_and_load
  File "<frozen importlib._bootstrap>", line 955, in _find_and_load_unlocked
  File "<frozen importlib._bootstrap>", line 665, in _load_unlocked
  File "<frozen importlib._bootstrap_external>", line 674, in exec_module
  File "<frozen importlib._bootstrap_external>", line 781, in get_code
  File "<frozen importlib._bootstrap_external>", line 741, in source_to_code
  File "<frozen importlib._bootstrap>", line 219, in _call_with_frames_removed
  File "/opt/lampp/htdocs/v32/cartmigration/models/cart/custom.py", line 945
    customer_data['updated_at'] = customer_info['customers_info_date_account_last_modified']
                                                                                           ^
TabError: inconsistent use of tabs and spaces in indentation

2021/01/19 10:32:09 : Traceback (most recent call last):
  File "/opt/lampp/htdocs/v32/cartmigration/controllers/migration.py", line 348, in setup_cart
    setup_source = self.setup_source(data)
  File "/opt/lampp/htdocs/v32/cartmigration/controllers/migration.py", line 276, in setup_source
    cart_url = getattr(self.get_source_cart(), 'format_url')(request['src_cart_url'])
  File "/opt/lampp/htdocs/v32/cartmigration/libs/base_controller.py", line 93, in get_source_cart
    self.source_cart = get_model(cart_name)
  File "/opt/lampp/htdocs/v32/cartmigration/libs/utils.py", line 97, in get_model
    module_class = importlib.import_module(model_name)
  File "/usr/lib/python3.6/importlib/__init__.py", line 126, in import_module
    return _bootstrap._gcd_import(name[level:], package, level)
  File "<frozen importlib._bootstrap>", line 994, in _gcd_import
  File "<frozen importlib._bootstrap>", line 971, in _find_and_load
  File "<frozen importlib._bootstrap>", line 955, in _find_and_load_unlocked
  File "<frozen importlib._bootstrap>", line 665, in _load_unlocked
  File "<frozen importlib._bootstrap_external>", line 674, in exec_module
  File "<frozen importlib._bootstrap_external>", line 781, in get_code
  File "<frozen importlib._bootstrap_external>", line 741, in source_to_code
  File "<frozen importlib._bootstrap>", line 219, in _call_with_frames_removed
  File "/opt/lampp/htdocs/v32/cartmigration/models/cart/custom.py", line 945
    customer_data['updated_at'] = customer_info['customers_info_date_account_last_modified']
                                                                                           ^
TabError: inconsistent use of tabs and spaces in indentation

2021/01/21 11:58:32 : Traceback (most recent call last):
  File "/opt/lampp/htdocs/v32/cartmigration/controllers/migration.py", line 348, in setup_cart
    setup_source = self.setup_source(data)
  File "/opt/lampp/htdocs/v32/cartmigration/controllers/migration.py", line 276, in setup_source
    cart_url = getattr(self.get_source_cart(), 'format_url')(request['src_cart_url'])
  File "/opt/lampp/htdocs/v32/cartmigration/libs/base_controller.py", line 93, in get_source_cart
    self.source_cart = get_model(cart_name)
  File "/opt/lampp/htdocs/v32/cartmigration/libs/utils.py", line 97, in get_model
    module_class = importlib.import_module(model_name)
  File "/usr/lib/python3.6/importlib/__init__.py", line 126, in import_module
    return _bootstrap._gcd_import(name[level:], package, level)
  File "<frozen importlib._bootstrap>", line 994, in _gcd_import
  File "<frozen importlib._bootstrap>", line 971, in _find_and_load
  File "<frozen importlib._bootstrap>", line 955, in _find_and_load_unlocked
  File "<frozen importlib._bootstrap>", line 665, in _load_unlocked
  File "<frozen importlib._bootstrap_external>", line 674, in exec_module
  File "<frozen importlib._bootstrap_external>", line 781, in get_code
  File "<frozen importlib._bootstrap_external>", line 741, in source_to_code
  File "<frozen importlib._bootstrap>", line 219, in _call_with_frames_removed
  File "/opt/lampp/htdocs/v32/cartmigration/models/cart/custom.py", line 1262
    order_items.append(order_item)
    ^
IndentationError: unexpected indent

2021/01/21 11:58:45 : Traceback (most recent call last):
  File "/opt/lampp/htdocs/v32/cartmigration/controllers/migration.py", line 348, in setup_cart
    setup_source = self.setup_source(data)
  File "/opt/lampp/htdocs/v32/cartmigration/controllers/migration.py", line 276, in setup_source
    cart_url = getattr(self.get_source_cart(), 'format_url')(request['src_cart_url'])
  File "/opt/lampp/htdocs/v32/cartmigration/libs/base_controller.py", line 93, in get_source_cart
    self.source_cart = get_model(cart_name)
  File "/opt/lampp/htdocs/v32/cartmigration/libs/utils.py", line 97, in get_model
    module_class = importlib.import_module(model_name)
  File "/usr/lib/python3.6/importlib/__init__.py", line 126, in import_module
    return _bootstrap._gcd_import(name[level:], package, level)
  File "<frozen importlib._bootstrap>", line 994, in _gcd_import
  File "<frozen importlib._bootstrap>", line 971, in _find_and_load
  File "<frozen importlib._bootstrap>", line 955, in _find_and_load_unlocked
  File "<frozen importlib._bootstrap>", line 665, in _load_unlocked
  File "<frozen importlib._bootstrap_external>", line 674, in exec_module
  File "<frozen importlib._bootstrap_external>", line 781, in get_code
  File "<frozen importlib._bootstrap_external>", line 741, in source_to_code
  File "<frozen importlib._bootstrap>", line 219, in _call_with_frames_removed
  File "/opt/lampp/htdocs/v32/cartmigration/models/cart/custom.py", line 1262
    order_items.append(order_item)
    ^
IndentationError: unexpected indent

2021/01/21 11:58:51 : Traceback (most recent call last):
  File "/opt/lampp/htdocs/v32/cartmigration/controllers/migration.py", line 348, in setup_cart
    setup_source = self.setup_source(data)
  File "/opt/lampp/htdocs/v32/cartmigration/controllers/migration.py", line 276, in setup_source
    cart_url = getattr(self.get_source_cart(), 'format_url')(request['src_cart_url'])
  File "/opt/lampp/htdocs/v32/cartmigration/libs/base_controller.py", line 93, in get_source_cart
    self.source_cart = get_model(cart_name)
  File "/opt/lampp/htdocs/v32/cartmigration/libs/utils.py", line 97, in get_model
    module_class = importlib.import_module(model_name)
  File "/usr/lib/python3.6/importlib/__init__.py", line 126, in import_module
    return _bootstrap._gcd_import(name[level:], package, level)
  File "<frozen importlib._bootstrap>", line 994, in _gcd_import
  File "<frozen importlib._bootstrap>", line 971, in _find_and_load
  File "<frozen importlib._bootstrap>", line 955, in _find_and_load_unlocked
  File "<frozen importlib._bootstrap>", line 665, in _load_unlocked
  File "<frozen importlib._bootstrap_external>", line 674, in exec_module
  File "<frozen importlib._bootstrap_external>", line 781, in get_code
  File "<frozen importlib._bootstrap_external>", line 741, in source_to_code
  File "<frozen importlib._bootstrap>", line 219, in _call_with_frames_removed
  File "/opt/lampp/htdocs/v32/cartmigration/models/cart/custom.py", line 1262
    order_items.append(order_item)
    ^
IndentationError: unexpected indent

2021/01/21 14:09:22 : Can’t connect to source store connector url <a href='http://localhost/customcart/le_connector/connector.php' target='_blank'>http://localhost/customcart/le_connector/connector.php</a>, please check if this link is accessible and try again.
2021/01/21 14:09:33 : Can’t connect to source store connector url <a href='http://localhost/customcart/le_connector/connector.php' target='_blank'>http://localhost/customcart/le_connector/connector.php</a>, please check if this link is accessible and try again.
2021/01/21 14:09:43 : Can’t connect to source store connector url <a href='http://localhost/customcart/le_connector/connector.php' target='_blank'>http://localhost/customcart/le_connector/connector.php</a>, please check if this link is accessible and try again.
