2021/01/18 08:49:19 : Url: http://localhost/customcart/le_connector/connector.php
Method: GET
Status: 502
Header: HTTP/1.1 502 Could not resolve host localhost
content-type: text/html
content-length: 131
X-Luminati-Error: Could not resolve host localhost
Date: Mon, 18 Jan 2021 01:49:19 GMT
Connection: keep-alive


Error: <!doctype html><h1>Webpage not available</h1><p>The webpage could not be loaded because:</p><p>Could not resolve host localhost</p>
2021/01/21 14:09:22 : Url: http://localhost/customcart/le_connector/connector.php
Method: GET
Status: 502
Header: HTTP/1.1 502 Could not resolve host localhost
content-type: text/html
content-length: 131
X-Luminati-Error: Could not resolve host localhost
Date: Thu, 21 Jan 2021 07:09:22 GMT
Connection: keep-alive


Error: <!doctype html><h1>Webpage not available</h1><p>The webpage could not be loaded because:</p><p>Could not resolve host localhost</p>
2021/01/21 14:09:33 : Url: http://localhost/customcart/le_connector/connector.php
Method: GET
Status: 502
Header: HTTP/1.1 502 Could not resolve host localhost
content-type: text/html
content-length: 131
X-Luminati-Error: Could not resolve host localhost
Date: Thu, 21 Jan 2021 07:09:33 GMT
Connection: keep-alive


Error: <!doctype html><h1>Webpage not available</h1><p>The webpage could not be loaded because:</p><p>Could not resolve host localhost</p>
2021/01/21 14:09:43 : Url: http://localhost/customcart/le_connector/connector.php
Method: GET
Status: 502
Header: HTTP/1.1 502 Could not resolve host localhost
content-type: text/html
content-length: 131
X-Luminati-Error: Could not resolve host localhost
Date: Thu, 21 Jan 2021 07:09:42 GMT
Connection: keep-alive


Error: <!doctype html><h1>Webpage not available</h1><p>The webpage could not be loaded because:</p><p>Could not resolve host localhost</p>
2021/01/21 17:17:07 : Url: http://localhost/wordpress-5.6/wordpress/le_connector/connector.php
Method: GET
Status: 404
Header: HTTP/1.1 404 Not Found
Date: Thu, 21 Jan 2021 10:17:07 GMT
Server: Apache/2.4.46 (Unix) OpenSSL/1.1.1i PHP/7.4.13 mod_perl/2.0.11 Perl/v5.32.0
Vary: accept-language,accept-charset
Accept-Ranges: bytes
Transfer-Encoding: chunked
Content-Type: text/html; charset=utf-8
Content-Language: en


Error: <?xml version="1.0" encoding="UTF-8"?>
<!DOCTYPE html PUBLIC "-//W3C//DTD XHTML 1.0 Strict//EN"
  "http://www.w3.org/TR/xhtml1/DTD/xhtml1-strict.dtd">
<html xmlns="http://www.w3.org/1999/xhtml" lang="en" xml:lang="en">
<head>
<title>Object not found!</title>
<link rev="made" href="mailto:you@example.com" />
<style type="text/css"><!--/*--><![CDATA[/*><!--*/ 
    body { color: #000000; background-color: #FFFFFF; }
    a:link { color: #0000CC; }
    p, address {margin-left: 3em;}
    span {font-size: smaller;}
/*]]>*/--></style>
</head>

<body>
<h1>Object not found!</h1>
<p>


    The requested URL was not found on this server.

  

    The link on the
    <a href="https://www.google.com">referring
    page</a> seems to be wrong or outdated. Please inform the author of
    <a href="https://www.google.com">that page</a>
    about the error.

  

</p>
<p>
If you think this is a server error, please contact
the <a href="mailto:you@example.com">webmaster</a>.

</p>

<h2>Error 404</h2>
<address>
  <a href="/">localhost</a><br />
  <span>Apache/2.4.46 (Unix) OpenSSL/1.1.1i PHP/7.4.13 mod_perl/2.0.11 Perl/v5.32.0</span>
</address>
</body>
</html>


