2021/01/15 15:44:05 : SELECT COUNT(1) AS count FROM  _DBPRF_StateTaxStates WHERE id > 0: <span class="message-alert-error">SQLSTATE[42S02]: Base table or view not found: 1146 Table 'customcart.StateTaxStates' doesn't exist</span>
2021/01/15 15:44:05 : SELECT COUNT(1) AS count FROM  _DBPRF_Categories WHERE id > 0: <span class="message-alert-error">SQLSTATE[42S02]: Base table or view not found: 1146 Table 'customcart.Categories' doesn't exist</span>
2021/01/15 15:44:05 : SELECT COUNT(1) AS count FROM  _DBPRF_Products WHERE id > 0: <span class="message-alert-error">SQLSTATE[42S02]: Base table or view not found: 1146 Table 'customcart.Products' doesn't exist</span>
2021/01/15 15:44:05 : SELECT COUNT(1) AS count FROM  _DBPRF_Customers WHERE id > 0: <span class="message-alert-error">SQLSTATE[42S02]: Base table or view not found: 1146 Table 'customcart.Customers' doesn't exist</span>
2021/01/15 15:44:05 : SELECT COUNT(1) AS count FROM  _DBPRF_Orders WHERE  id > 0: <span class="message-alert-error">SQLSTATE[42S02]: Base table or view not found: 1146 Table 'customcart.Orders' doesn't exist</span>
2021/01/15 15:44:05 : SELECT COUNT(1) AS count FROM _DBPRF_reviews WHERE reviews_id > 0: <span class="message-alert-error">SQLSTATE[42S02]: Base table or view not found: 1146 Table 'customcart.reviews' doesn't exist</span>
2021/01/15 15:56:40 : SELECT COUNT(1) AS count FROM  _DBPRF_StateTaxStates WHERE id > 0: <span class="message-alert-error">SQLSTATE[42S02]: Base table or view not found: 1146 Table 'customcart.StateTaxStates' doesn't exist</span>
2021/01/15 15:56:40 : SELECT COUNT(1) AS count FROM  _DBPRF_Categories WHERE id > 0: <span class="message-alert-error">SQLSTATE[42S02]: Base table or view not found: 1146 Table 'customcart.Categories' doesn't exist</span>
2021/01/15 15:56:40 : SELECT COUNT(1) AS count FROM  _DBPRF_Products WHERE id > 0: <span class="message-alert-error">SQLSTATE[42S02]: Base table or view not found: 1146 Table 'customcart.Products' doesn't exist</span>
2021/01/15 15:56:40 : SELECT COUNT(1) AS count FROM  _DBPRF_Customers WHERE id > 0: <span class="message-alert-error">SQLSTATE[42S02]: Base table or view not found: 1146 Table 'customcart.Customers' doesn't exist</span>
2021/01/15 15:56:40 : SELECT COUNT(1) AS count FROM  _DBPRF_Orders WHERE  id > 0: <span class="message-alert-error">SQLSTATE[42S02]: Base table or view not found: 1146 Table 'customcart.Orders' doesn't exist</span>
2021/01/15 15:56:40 : SELECT COUNT(1) AS count FROM _DBPRF_reviews WHERE reviews_id > 0: <span class="message-alert-error">SQLSTATE[42S02]: Base table or view not found: 1146 Table 'customcart.reviews' doesn't exist</span>
2021/01/15 16:54:14 : SELECT COUNT(1) AS count FROM  _DBPRF_StateTaxStates WHERE id > 0: <span class="message-alert-error">SQLSTATE[42S02]: Base table or view not found: 1146 Table 'customcart.StateTaxStates' doesn't exist</span>
2021/01/15 16:54:14 : SELECT COUNT(1) AS count FROM  _DBPRF_Categories WHERE id > 0: <span class="message-alert-error">SQLSTATE[42S02]: Base table or view not found: 1146 Table 'customcart.Categories' doesn't exist</span>
2021/01/15 16:54:14 : SELECT COUNT(1) AS count FROM  _DBPRF_Products WHERE id > 0: <span class="message-alert-error">SQLSTATE[42S02]: Base table or view not found: 1146 Table 'customcart.Products' doesn't exist</span>
2021/01/15 16:54:14 : SELECT COUNT(1) AS count FROM  _DBPRF_Customers WHERE id > 0: <span class="message-alert-error">SQLSTATE[42S02]: Base table or view not found: 1146 Table 'customcart.Customers' doesn't exist</span>
2021/01/15 16:54:14 : SELECT COUNT(1) AS count FROM  _DBPRF_Orders WHERE  id > 0: <span class="message-alert-error">SQLSTATE[42S02]: Base table or view not found: 1146 Table 'customcart.Orders' doesn't exist</span>
2021/01/15 16:54:14 : SELECT COUNT(1) AS count FROM _DBPRF_reviews WHERE reviews_id > 0: <span class="message-alert-error">SQLSTATE[42S02]: Base table or view not found: 1146 Table 'customcart.reviews' doesn't exist</span>
2021/01/15 17:30:18 : SELECT COUNT(1) AS count FROM  _DBPRF_StateTaxStates WHERE id > 0: <span class="message-alert-error">SQLSTATE[42S02]: Base table or view not found: 1146 Table 'customcart.StateTaxStates' doesn't exist</span>
2021/01/15 17:30:18 : SELECT COUNT(1) AS count FROM  _DBPRF_Categories WHERE id > 0: <span class="message-alert-error">SQLSTATE[42S02]: Base table or view not found: 1146 Table 'customcart.Categories' doesn't exist</span>
2021/01/15 17:30:18 : SELECT COUNT(1) AS count FROM  _DBPRF_Products WHERE id > 0: <span class="message-alert-error">SQLSTATE[42S02]: Base table or view not found: 1146 Table 'customcart.Products' doesn't exist</span>
2021/01/15 17:30:18 : SELECT COUNT(1) AS count FROM  _DBPRF_Customers WHERE id > 0: <span class="message-alert-error">SQLSTATE[42S02]: Base table or view not found: 1146 Table 'customcart.Customers' doesn't exist</span>
2021/01/15 17:30:18 : SELECT COUNT(1) AS count FROM  _DBPRF_Orders WHERE  id > 0: <span class="message-alert-error">SQLSTATE[42S02]: Base table or view not found: 1146 Table 'customcart.Orders' doesn't exist</span>
2021/01/15 17:30:18 : SELECT COUNT(1) AS count FROM _DBPRF_reviews WHERE reviews_id > 0: <span class="message-alert-error">SQLSTATE[42S02]: Base table or view not found: 1146 Table 'customcart.reviews' doesn't exist</span>
2021/01/15 17:35:02 : SELECT COUNT(1) AS count FROM  _DBPRF_StateTaxStates WHERE id > 0: <span class="message-alert-error">SQLSTATE[42S02]: Base table or view not found: 1146 Table 'customcart.StateTaxStates' doesn't exist</span>
2021/01/15 17:35:02 : SELECT COUNT(1) AS count FROM  _DBPRF_Categories WHERE id > 0: <span class="message-alert-error">SQLSTATE[42S02]: Base table or view not found: 1146 Table 'customcart.Categories' doesn't exist</span>
2021/01/15 17:35:02 : SELECT COUNT(1) AS count FROM  _DBPRF_Products WHERE id > 0: <span class="message-alert-error">SQLSTATE[42S02]: Base table or view not found: 1146 Table 'customcart.Products' doesn't exist</span>
2021/01/15 17:35:02 : SELECT COUNT(1) AS count FROM  _DBPRF_Customers WHERE id > 0: <span class="message-alert-error">SQLSTATE[42S02]: Base table or view not found: 1146 Table 'customcart.Customers' doesn't exist</span>
2021/01/15 17:35:02 : SELECT COUNT(1) AS count FROM  _DBPRF_Orders WHERE  id > 0: <span class="message-alert-error">SQLSTATE[42S02]: Base table or view not found: 1146 Table 'customcart.Orders' doesn't exist</span>
2021/01/15 17:35:02 : SELECT COUNT(1) AS count FROM _DBPRF_reviews WHERE reviews_id > 0: <span class="message-alert-error">SQLSTATE[42S02]: Base table or view not found: 1146 Table 'customcart.reviews' doesn't exist</span>
2021/01/15 17:45:11 : SELECT COUNT(1) AS count FROM  _DBPRF_StateTaxStates WHERE id > 0: <span class="message-alert-error">SQLSTATE[42S02]: Base table or view not found: 1146 Table 'customcart.StateTaxStates' doesn't exist</span>
2021/01/15 17:45:11 : SELECT COUNT(1) AS count FROM  _DBPRF_Categories WHERE id > 0: <span class="message-alert-error">SQLSTATE[42S02]: Base table or view not found: 1146 Table 'customcart.Categories' doesn't exist</span>
2021/01/15 17:45:11 : SELECT COUNT(1) AS count FROM  _DBPRF_Products WHERE id > 0: <span class="message-alert-error">SQLSTATE[42S02]: Base table or view not found: 1146 Table 'customcart.Products' doesn't exist</span>
2021/01/15 17:45:11 : SELECT COUNT(1) AS count FROM  _DBPRF_Customers WHERE id > 0: <span class="message-alert-error">SQLSTATE[42S02]: Base table or view not found: 1146 Table 'customcart.Customers' doesn't exist</span>
2021/01/15 17:45:11 : SELECT COUNT(1) AS count FROM  _DBPRF_Orders WHERE  id > 0: <span class="message-alert-error">SQLSTATE[42S02]: Base table or view not found: 1146 Table 'customcart.Orders' doesn't exist</span>
2021/01/15 17:45:11 : SELECT COUNT(1) AS count FROM _DBPRF_reviews WHERE reviews_id > 0: <span class="message-alert-error">SQLSTATE[42S02]: Base table or view not found: 1146 Table 'customcart.reviews' doesn't exist</span>
2021/01/15 17:55:47 : SELECT COUNT(1) AS count FROM  _DBPRF_StateTaxStates WHERE id > 0: <span class="message-alert-error">SQLSTATE[42S02]: Base table or view not found: 1146 Table 'customcart.StateTaxStates' doesn't exist</span>
2021/01/15 17:55:47 : SELECT COUNT(1) AS count FROM  categories WHERE id > 0: <span class="message-alert-error">SQLSTATE[42S22]: Column not found: 1054 Unknown column 'id' in 'where clause'</span>
2021/01/15 17:55:47 : SELECT COUNT(1) AS count FROM  products WHERE id > 0: <span class="message-alert-error">SQLSTATE[42S22]: Column not found: 1054 Unknown column 'id' in 'where clause'</span>
2021/01/15 17:55:47 : SELECT COUNT(1) AS count FROM  customers WHERE id > 0: <span class="message-alert-error">SQLSTATE[42S22]: Column not found: 1054 Unknown column 'id' in 'where clause'</span>
2021/01/15 17:55:47 : SELECT COUNT(1) AS count FROM  orders WHERE  id > 0: <span class="message-alert-error">SQLSTATE[42S22]: Column not found: 1054 Unknown column 'id' in 'where clause'</span>
2021/01/15 17:55:47 : SELECT COUNT(1) AS count FROM _DBPRF_reviews WHERE reviews_id > 0: <span class="message-alert-error">SQLSTATE[42S02]: Base table or view not found: 1146 Table 'customcart.reviews' doesn't exist</span>
2021/01/15 17:58:16 : SELECT COUNT(1) AS count FROM  categories WHERE id > 0: <span class="message-alert-error">SQLSTATE[42S22]: Column not found: 1054 Unknown column 'id' in 'where clause'</span>
2021/01/15 17:58:16 : SELECT COUNT(1) AS count FROM  products WHERE id > 0: <span class="message-alert-error">SQLSTATE[42S22]: Column not found: 1054 Unknown column 'id' in 'where clause'</span>
2021/01/15 17:58:16 : SELECT COUNT(1) AS count FROM  customers WHERE id > 0: <span class="message-alert-error">SQLSTATE[42S22]: Column not found: 1054 Unknown column 'id' in 'where clause'</span>
2021/01/15 17:58:16 : SELECT COUNT(1) AS count FROM  orders WHERE  id > 0: <span class="message-alert-error">SQLSTATE[42S22]: Column not found: 1054 Unknown column 'id' in 'where clause'</span>
2021/01/16 10:45:31 : SELECT COUNT(1) AS count FROM  _DBPRF_StateTaxStates WHERE id > 0: <span class="message-alert-error">SQLSTATE[42S02]: Base table or view not found: 1146 Table 'customcart.StateTaxStates' doesn't exist</span>
2021/01/16 10:45:31 : SELECT COUNT(1) AS count FROM  _DBPRF_Categories WHERE id > 0: <span class="message-alert-error">SQLSTATE[42S02]: Base table or view not found: 1146 Table 'customcart.Categories' doesn't exist</span>
2021/01/16 10:45:31 : SELECT COUNT(1) AS count FROM  _DBPRF_Products WHERE id > 0: <span class="message-alert-error">SQLSTATE[42S02]: Base table or view not found: 1146 Table 'customcart.Products' doesn't exist</span>
2021/01/16 10:45:31 : SELECT COUNT(1) AS count FROM  _DBPRF_Customers WHERE id > 0: <span class="message-alert-error">SQLSTATE[42S02]: Base table or view not found: 1146 Table 'customcart.Customers' doesn't exist</span>
2021/01/16 10:45:31 : SELECT COUNT(1) AS count FROM  _DBPRF_Orders WHERE  id > 0: <span class="message-alert-error">SQLSTATE[42S02]: Base table or view not found: 1146 Table 'customcart.Orders' doesn't exist</span>
2021/01/16 10:45:31 : SELECT COUNT(1) AS count FROM _DBPRF_reviews WHERE reviews_id > 0: <span class="message-alert-error">SQLSTATE[42S02]: Base table or view not found: 1146 Table 'customcart.reviews' doesn't exist</span>
2021/01/16 11:04:07 : SELECT COUNT(1) AS count FROM  _DBPRF_StateTaxStates WHERE id > 0: <span class="message-alert-error">SQLSTATE[42S02]: Base table or view not found: 1146 Table 'customcart.StateTaxStates' doesn't exist</span>
2021/01/16 11:04:07 : SELECT COUNT(1) AS count FROM  _DBPRF_Categories WHERE id > 0: <span class="message-alert-error">SQLSTATE[42S02]: Base table or view not found: 1146 Table 'customcart.Categories' doesn't exist</span>
2021/01/16 11:04:07 : SELECT COUNT(1) AS count FROM  _DBPRF_Products WHERE id > 0: <span class="message-alert-error">SQLSTATE[42S02]: Base table or view not found: 1146 Table 'customcart.Products' doesn't exist</span>
2021/01/16 11:04:07 : SELECT COUNT(1) AS count FROM  _DBPRF_Customers WHERE id > 0: <span class="message-alert-error">SQLSTATE[42S02]: Base table or view not found: 1146 Table 'customcart.Customers' doesn't exist</span>
2021/01/16 11:04:07 : SELECT COUNT(1) AS count FROM  _DBPRF_Orders WHERE  id > 0: <span class="message-alert-error">SQLSTATE[42S02]: Base table or view not found: 1146 Table 'customcart.Orders' doesn't exist</span>
2021/01/16 11:04:07 : SELECT COUNT(1) AS count FROM _DBPRF_reviews WHERE reviews_id > 0: <span class="message-alert-error">SQLSTATE[42S02]: Base table or view not found: 1146 Table 'customcart.reviews' doesn't exist</span>
2021/01/16 11:39:42 : SELECT COUNT(1) AS count FROM  _DBPRF_StateTaxStates WHERE id > 0: <span class="message-alert-error">SQLSTATE[42S02]: Base table or view not found: 1146 Table 'customcart.StateTaxStates' doesn't exist</span>
2021/01/16 11:39:42 : SELECT COUNT(1) AS count FROM  _DBPRF_Categories WHERE id > 0: <span class="message-alert-error">SQLSTATE[42S02]: Base table or view not found: 1146 Table 'customcart.Categories' doesn't exist</span>
2021/01/16 11:39:42 : SELECT COUNT(1) AS count FROM  _DBPRF_Products WHERE id > 0: <span class="message-alert-error">SQLSTATE[42S02]: Base table or view not found: 1146 Table 'customcart.Products' doesn't exist</span>
2021/01/16 11:39:42 : SELECT COUNT(1) AS count FROM  _DBPRF_Customers WHERE id > 0: <span class="message-alert-error">SQLSTATE[42S02]: Base table or view not found: 1146 Table 'customcart.Customers' doesn't exist</span>
2021/01/16 11:39:42 : SELECT COUNT(1) AS count FROM  _DBPRF_Orders WHERE  id > 0: <span class="message-alert-error">SQLSTATE[42S02]: Base table or view not found: 1146 Table 'customcart.Orders' doesn't exist</span>
2021/01/16 11:39:42 : SELECT COUNT(1) AS count FROM _DBPRF_reviews WHERE reviews_id > 0: <span class="message-alert-error">SQLSTATE[42S02]: Base table or view not found: 1146 Table 'customcart.reviews' doesn't exist</span>
2021/01/16 15:44:52 : SELECT COUNT(1) AS count FROM  _DBPRF_StateTaxStates WHERE id > 0: <span class="message-alert-error">SQLSTATE[42S02]: Base table or view not found: 1146 Table 'customcart.StateTaxStates' doesn't exist</span>
2021/01/16 15:44:52 : SELECT COUNT(1) AS count FROM  _DBPRF_Categories WHERE id > 0: <span class="message-alert-error">SQLSTATE[42S02]: Base table or view not found: 1146 Table 'customcart.Categories' doesn't exist</span>
2021/01/16 15:44:52 : SELECT COUNT(1) AS count FROM  _DBPRF_Products WHERE id > 0: <span class="message-alert-error">SQLSTATE[42S02]: Base table or view not found: 1146 Table 'customcart.Products' doesn't exist</span>
2021/01/16 15:44:52 : SELECT COUNT(1) AS count FROM  _DBPRF_Customers WHERE id > 0: <span class="message-alert-error">SQLSTATE[42S02]: Base table or view not found: 1146 Table 'customcart.Customers' doesn't exist</span>
2021/01/16 15:44:52 : SELECT COUNT(1) AS count FROM  _DBPRF_Orders WHERE  id > 0: <span class="message-alert-error">SQLSTATE[42S02]: Base table or view not found: 1146 Table 'customcart.Orders' doesn't exist</span>
2021/01/16 15:44:52 : SELECT COUNT(1) AS count FROM _DBPRF_reviews WHERE reviews_id > 0: <span class="message-alert-error">SQLSTATE[42S02]: Base table or view not found: 1146 Table 'customcart.reviews' doesn't exist</span>
2021/01/18 14:28:21 : SELECT COUNT(1) AS count FROM  _DBPRF_Products WHERE id > 0: <span class="message-alert-error">SQLSTATE[42S02]: Base table or view not found: 1146 Table 'customcart.Products' doesn't exist</span>
2021/01/18 14:28:59 : SELECT COUNT(1) AS count FROM  _DBPRF_Products WHERE id > 0: <span class="message-alert-error">SQLSTATE[42S02]: Base table or view not found: 1146 Table 'customcart.Products' doesn't exist</span>
