2021/01/18 16:26:31 : products_errors 9: Traceback (most recent call last):
  File "/opt/lampp/htdocs/v32/cartmigration/controllers/migration.py", line 1036, in migration
    convert = fn_convert_export(main, ext)
  File "/opt/lampp/htdocs/v32/cartmigration/models/cart/custom.py", line 551, in convert_product_export
    product_data['updated_at'] = product['products_last_modified'] if to_int(product['products_last_modified']) else product_data['products_last_modified']
KeyError: 'products_last_modified'

2021/01/18 16:26:31 : products_errors 10: Traceback (most recent call last):
  File "/opt/lampp/htdocs/v32/cartmigration/controllers/migration.py", line 1036, in migration
    convert = fn_convert_export(main, ext)
  File "/opt/lampp/htdocs/v32/cartmigration/models/cart/custom.py", line 551, in convert_product_export
    product_data['updated_at'] = product['products_last_modified'] if to_int(product['products_last_modified']) else product_data['products_last_modified']
KeyError: 'products_last_modified'

2021/01/18 16:26:31 : products_errors 16: Traceback (most recent call last):
  File "/opt/lampp/htdocs/v32/cartmigration/controllers/migration.py", line 1036, in migration
    convert = fn_convert_export(main, ext)
  File "/opt/lampp/htdocs/v32/cartmigration/models/cart/custom.py", line 551, in convert_product_export
    product_data['updated_at'] = product['products_last_modified'] if to_int(product['products_last_modified']) else product_data['products_last_modified']
KeyError: 'products_last_modified'

2021/01/18 16:26:31 : products_errors 17: Traceback (most recent call last):
  File "/opt/lampp/htdocs/v32/cartmigration/controllers/migration.py", line 1036, in migration
    convert = fn_convert_export(main, ext)
  File "/opt/lampp/htdocs/v32/cartmigration/models/cart/custom.py", line 551, in convert_product_export
    product_data['updated_at'] = product['products_last_modified'] if to_int(product['products_last_modified']) else product_data['products_last_modified']
KeyError: 'products_last_modified'

2021/01/18 16:26:31 : products_errors 18: Traceback (most recent call last):
  File "/opt/lampp/htdocs/v32/cartmigration/controllers/migration.py", line 1036, in migration
    convert = fn_convert_export(main, ext)
  File "/opt/lampp/htdocs/v32/cartmigration/models/cart/custom.py", line 551, in convert_product_export
    product_data['updated_at'] = product['products_last_modified'] if to_int(product['products_last_modified']) else product_data['products_last_modified']
KeyError: 'products_last_modified'

2021/01/18 16:26:31 : products_errors 19: Traceback (most recent call last):
  File "/opt/lampp/htdocs/v32/cartmigration/controllers/migration.py", line 1036, in migration
    convert = fn_convert_export(main, ext)
  File "/opt/lampp/htdocs/v32/cartmigration/models/cart/custom.py", line 551, in convert_product_export
    product_data['updated_at'] = product['products_last_modified'] if to_int(product['products_last_modified']) else product_data['products_last_modified']
KeyError: 'products_last_modified'

2021/01/18 16:26:31 : products_errors 20: Traceback (most recent call last):
  File "/opt/lampp/htdocs/v32/cartmigration/controllers/migration.py", line 1036, in migration
    convert = fn_convert_export(main, ext)
  File "/opt/lampp/htdocs/v32/cartmigration/models/cart/custom.py", line 551, in convert_product_export
    product_data['updated_at'] = product['products_last_modified'] if to_int(product['products_last_modified']) else product_data['products_last_modified']
KeyError: 'products_last_modified'

2021/01/18 16:26:31 : products_errors 22: Traceback (most recent call last):
  File "/opt/lampp/htdocs/v32/cartmigration/controllers/migration.py", line 1036, in migration
    convert = fn_convert_export(main, ext)
  File "/opt/lampp/htdocs/v32/cartmigration/models/cart/custom.py", line 551, in convert_product_export
    product_data['updated_at'] = product['products_last_modified'] if to_int(product['products_last_modified']) else product_data['products_last_modified']
KeyError: 'products_last_modified'

2021/01/18 16:26:31 : products_errors 23: Traceback (most recent call last):
  File "/opt/lampp/htdocs/v32/cartmigration/controllers/migration.py", line 1036, in migration
    convert = fn_convert_export(main, ext)
  File "/opt/lampp/htdocs/v32/cartmigration/models/cart/custom.py", line 551, in convert_product_export
    product_data['updated_at'] = product['products_last_modified'] if to_int(product['products_last_modified']) else product_data['products_last_modified']
KeyError: 'products_last_modified'

2021/01/18 16:26:31 : products_errors 24: Traceback (most recent call last):
  File "/opt/lampp/htdocs/v32/cartmigration/controllers/migration.py", line 1036, in migration
    convert = fn_convert_export(main, ext)
  File "/opt/lampp/htdocs/v32/cartmigration/models/cart/custom.py", line 551, in convert_product_export
    product_data['updated_at'] = product['products_last_modified'] if to_int(product['products_last_modified']) else product_data['products_last_modified']
KeyError: 'products_last_modified'

2021/01/18 16:26:31 : products_errors 25: Traceback (most recent call last):
  File "/opt/lampp/htdocs/v32/cartmigration/controllers/migration.py", line 1036, in migration
    convert = fn_convert_export(main, ext)
  File "/opt/lampp/htdocs/v32/cartmigration/models/cart/custom.py", line 551, in convert_product_export
    product_data['updated_at'] = product['products_last_modified'] if to_int(product['products_last_modified']) else product_data['products_last_modified']
KeyError: 'products_last_modified'

2021/01/18 16:26:31 : products_errors 37: Traceback (most recent call last):
  File "/opt/lampp/htdocs/v32/cartmigration/controllers/migration.py", line 1036, in migration
    convert = fn_convert_export(main, ext)
  File "/opt/lampp/htdocs/v32/cartmigration/models/cart/custom.py", line 551, in convert_product_export
    product_data['updated_at'] = product['products_last_modified'] if to_int(product['products_last_modified']) else product_data['products_last_modified']
KeyError: 'products_last_modified'

2021/01/18 16:26:31 : products_errors 39: Traceback (most recent call last):
  File "/opt/lampp/htdocs/v32/cartmigration/controllers/migration.py", line 1036, in migration
    convert = fn_convert_export(main, ext)
  File "/opt/lampp/htdocs/v32/cartmigration/models/cart/custom.py", line 551, in convert_product_export
    product_data['updated_at'] = product['products_last_modified'] if to_int(product['products_last_modified']) else product_data['products_last_modified']
KeyError: 'products_last_modified'

2021/01/18 16:26:31 : products_errors 41: Traceback (most recent call last):
  File "/opt/lampp/htdocs/v32/cartmigration/controllers/migration.py", line 1036, in migration
    convert = fn_convert_export(main, ext)
  File "/opt/lampp/htdocs/v32/cartmigration/models/cart/custom.py", line 551, in convert_product_export
    product_data['updated_at'] = product['products_last_modified'] if to_int(product['products_last_modified']) else product_data['products_last_modified']
KeyError: 'products_last_modified'

2021/01/18 16:26:31 : products_errors 42: Traceback (most recent call last):
  File "/opt/lampp/htdocs/v32/cartmigration/controllers/migration.py", line 1036, in migration
    convert = fn_convert_export(main, ext)
  File "/opt/lampp/htdocs/v32/cartmigration/models/cart/custom.py", line 551, in convert_product_export
    product_data['updated_at'] = product['products_last_modified'] if to_int(product['products_last_modified']) else product_data['products_last_modified']
KeyError: 'products_last_modified'

2021/01/18 16:26:31 : products_errors 43: Traceback (most recent call last):
  File "/opt/lampp/htdocs/v32/cartmigration/controllers/migration.py", line 1036, in migration
    convert = fn_convert_export(main, ext)
  File "/opt/lampp/htdocs/v32/cartmigration/models/cart/custom.py", line 551, in convert_product_export
    product_data['updated_at'] = product['products_last_modified'] if to_int(product['products_last_modified']) else product_data['products_last_modified']
KeyError: 'products_last_modified'

2021/01/18 16:26:32 : products_errors 44: Traceback (most recent call last):
  File "/opt/lampp/htdocs/v32/cartmigration/controllers/migration.py", line 1036, in migration
    convert = fn_convert_export(main, ext)
  File "/opt/lampp/htdocs/v32/cartmigration/models/cart/custom.py", line 551, in convert_product_export
    product_data['updated_at'] = product['products_last_modified'] if to_int(product['products_last_modified']) else product_data['products_last_modified']
KeyError: 'products_last_modified'

2021/01/18 16:26:32 : products_errors 47: Traceback (most recent call last):
  File "/opt/lampp/htdocs/v32/cartmigration/controllers/migration.py", line 1036, in migration
    convert = fn_convert_export(main, ext)
  File "/opt/lampp/htdocs/v32/cartmigration/models/cart/custom.py", line 551, in convert_product_export
    product_data['updated_at'] = product['products_last_modified'] if to_int(product['products_last_modified']) else product_data['products_last_modified']
KeyError: 'products_last_modified'

2021/01/18 16:26:32 : products_errors 48: Traceback (most recent call last):
  File "/opt/lampp/htdocs/v32/cartmigration/controllers/migration.py", line 1036, in migration
    convert = fn_convert_export(main, ext)
  File "/opt/lampp/htdocs/v32/cartmigration/models/cart/custom.py", line 551, in convert_product_export
    product_data['updated_at'] = product['products_last_modified'] if to_int(product['products_last_modified']) else product_data['products_last_modified']
KeyError: 'products_last_modified'

2021/01/18 16:26:32 : products_errors 49: Traceback (most recent call last):
  File "/opt/lampp/htdocs/v32/cartmigration/controllers/migration.py", line 1036, in migration
    convert = fn_convert_export(main, ext)
  File "/opt/lampp/htdocs/v32/cartmigration/models/cart/custom.py", line 551, in convert_product_export
    product_data['updated_at'] = product['products_last_modified'] if to_int(product['products_last_modified']) else product_data['products_last_modified']
KeyError: 'products_last_modified'

