2021/01/20 11:59:28 : orders_errors 1: Traceback (most recent call last):
  File "/opt/lampp/htdocs/v32/cartmigration/controllers/migration.py", line 1072, in migration
    import_data = fn_import(convert_data, main, ext)
  File "/opt/lampp/htdocs/v32/cartmigration/models/cart/shopify.py", line 2988, in order_import
    'name': get_value_by_key_in_dict(convert['shipping_address'], 'first_name', '') + ' ' + get_value_by_key_in_dict(convert['shipping_address'], 'last_name', ''),
TypeError: can only concatenate list (not "str") to list

2021/01/20 11:59:28 : orders_errors 2: Traceback (most recent call last):
  File "/opt/lampp/htdocs/v32/cartmigration/controllers/migration.py", line 1072, in migration
    import_data = fn_import(convert_data, main, ext)
  File "/opt/lampp/htdocs/v32/cartmigration/models/cart/shopify.py", line 2988, in order_import
    'name': get_value_by_key_in_dict(convert['shipping_address'], 'first_name', '') + ' ' + get_value_by_key_in_dict(convert['shipping_address'], 'last_name', ''),
TypeError: can only concatenate list (not "str") to list

2021/01/20 11:59:28 : orders_errors 3: Traceback (most recent call last):
  File "/opt/lampp/htdocs/v32/cartmigration/controllers/migration.py", line 1072, in migration
    import_data = fn_import(convert_data, main, ext)
  File "/opt/lampp/htdocs/v32/cartmigration/models/cart/shopify.py", line 2988, in order_import
    'name': get_value_by_key_in_dict(convert['shipping_address'], 'first_name', '') + ' ' + get_value_by_key_in_dict(convert['shipping_address'], 'last_name', ''),
TypeError: can only concatenate list (not "str") to list

2021/01/20 11:59:28 : orders_errors 4: Traceback (most recent call last):
  File "/opt/lampp/htdocs/v32/cartmigration/controllers/migration.py", line 1072, in migration
    import_data = fn_import(convert_data, main, ext)
  File "/opt/lampp/htdocs/v32/cartmigration/models/cart/shopify.py", line 2988, in order_import
    'name': get_value_by_key_in_dict(convert['shipping_address'], 'first_name', '') + ' ' + get_value_by_key_in_dict(convert['shipping_address'], 'last_name', ''),
TypeError: can only concatenate list (not "str") to list

2021/01/20 11:59:29 : orders_errors 5: Traceback (most recent call last):
  File "/opt/lampp/htdocs/v32/cartmigration/controllers/migration.py", line 1072, in migration
    import_data = fn_import(convert_data, main, ext)
  File "/opt/lampp/htdocs/v32/cartmigration/models/cart/shopify.py", line 2988, in order_import
    'name': get_value_by_key_in_dict(convert['shipping_address'], 'first_name', '') + ' ' + get_value_by_key_in_dict(convert['shipping_address'], 'last_name', ''),
TypeError: can only concatenate list (not "str") to list

2021/01/20 11:59:29 : orders_errors 6: Traceback (most recent call last):
  File "/opt/lampp/htdocs/v32/cartmigration/controllers/migration.py", line 1072, in migration
    import_data = fn_import(convert_data, main, ext)
  File "/opt/lampp/htdocs/v32/cartmigration/models/cart/shopify.py", line 2988, in order_import
    'name': get_value_by_key_in_dict(convert['shipping_address'], 'first_name', '') + ' ' + get_value_by_key_in_dict(convert['shipping_address'], 'last_name', ''),
TypeError: can only concatenate list (not "str") to list

2021/01/20 11:59:29 : orders_errors 7: Traceback (most recent call last):
  File "/opt/lampp/htdocs/v32/cartmigration/controllers/migration.py", line 1072, in migration
    import_data = fn_import(convert_data, main, ext)
  File "/opt/lampp/htdocs/v32/cartmigration/models/cart/shopify.py", line 2988, in order_import
    'name': get_value_by_key_in_dict(convert['shipping_address'], 'first_name', '') + ' ' + get_value_by_key_in_dict(convert['shipping_address'], 'last_name', ''),
TypeError: can only concatenate list (not "str") to list

2021/01/20 11:59:29 : orders_errors 8: Traceback (most recent call last):
  File "/opt/lampp/htdocs/v32/cartmigration/controllers/migration.py", line 1072, in migration
    import_data = fn_import(convert_data, main, ext)
  File "/opt/lampp/htdocs/v32/cartmigration/models/cart/shopify.py", line 2988, in order_import
    'name': get_value_by_key_in_dict(convert['shipping_address'], 'first_name', '') + ' ' + get_value_by_key_in_dict(convert['shipping_address'], 'last_name', ''),
TypeError: can only concatenate list (not "str") to list

