2021/01/27 16:10:15 : orders_errors 1: Traceback (most recent call last):
  File "/opt/lampp/htdocs/v32/cartmigration/controllers/migration.py", line 1072, in migration
    import_data = fn_import(convert_data, main, ext)
  File "/opt/lampp/htdocs/v32/cartmigration/models/cart/woocommerce.py", line 4273, in order_import
    '_line_total': int(product['products_price']),
TypeError: list indices must be integers or slices, not str

2021/01/27 16:10:17 : orders_errors 2: Traceback (most recent call last):
  File "/opt/lampp/htdocs/v32/cartmigration/controllers/migration.py", line 1072, in migration
    import_data = fn_import(convert_data, main, ext)
  File "/opt/lampp/htdocs/v32/cartmigration/models/cart/woocommerce.py", line 4273, in order_import
    '_line_total': int(product['products_price']),
TypeError: list indices must be integers or slices, not str

2021/01/27 16:10:19 : orders_errors 3: Traceback (most recent call last):
  File "/opt/lampp/htdocs/v32/cartmigration/controllers/migration.py", line 1072, in migration
    import_data = fn_import(convert_data, main, ext)
  File "/opt/lampp/htdocs/v32/cartmigration/models/cart/woocommerce.py", line 4273, in order_import
    '_line_total': int(product['products_price']),
TypeError: list indices must be integers or slices, not str

2021/01/27 16:10:21 : orders_errors 4: Traceback (most recent call last):
  File "/opt/lampp/htdocs/v32/cartmigration/controllers/migration.py", line 1072, in migration
    import_data = fn_import(convert_data, main, ext)
  File "/opt/lampp/htdocs/v32/cartmigration/models/cart/woocommerce.py", line 4273, in order_import
    '_line_total': int(product['products_price']),
TypeError: list indices must be integers or slices, not str

2021/01/27 16:10:24 : orders_errors 5: Traceback (most recent call last):
  File "/opt/lampp/htdocs/v32/cartmigration/controllers/migration.py", line 1072, in migration
    import_data = fn_import(convert_data, main, ext)
  File "/opt/lampp/htdocs/v32/cartmigration/models/cart/woocommerce.py", line 4273, in order_import
    '_line_total': int(product['products_price']),
TypeError: list indices must be integers or slices, not str

2021/01/27 16:10:26 : orders_errors 6: Traceback (most recent call last):
  File "/opt/lampp/htdocs/v32/cartmigration/controllers/migration.py", line 1072, in migration
    import_data = fn_import(convert_data, main, ext)
  File "/opt/lampp/htdocs/v32/cartmigration/models/cart/woocommerce.py", line 4273, in order_import
    '_line_total': int(product['products_price']),
TypeError: list indices must be integers or slices, not str

2021/01/27 16:10:28 : orders_errors 7: Traceback (most recent call last):
  File "/opt/lampp/htdocs/v32/cartmigration/controllers/migration.py", line 1072, in migration
    import_data = fn_import(convert_data, main, ext)
  File "/opt/lampp/htdocs/v32/cartmigration/models/cart/woocommerce.py", line 4273, in order_import
    '_line_total': int(product['products_price']),
TypeError: list indices must be integers or slices, not str

2021/01/27 16:10:30 : orders_errors 8: Traceback (most recent call last):
  File "/opt/lampp/htdocs/v32/cartmigration/controllers/migration.py", line 1072, in migration
    import_data = fn_import(convert_data, main, ext)
  File "/opt/lampp/htdocs/v32/cartmigration/models/cart/woocommerce.py", line 4273, in order_import
    '_line_total': int(product['products_price']),
TypeError: list indices must be integers or slices, not str

