2021/01/20 11:35:50 : orders_errors 1: Traceback (most recent call last):
  File "/opt/lampp/htdocs/v32/cartmigration/controllers/migration.py", line 1072, in migration
    import_data = fn_import(convert_data, main, ext)
  File "/opt/lampp/htdocs/v32/cartmigration/models/cart/shopify.py", line 2945, in order_import
    if convert['billing_address']['state']['name'] or convert['billing_address']['state']['code']:
KeyError: 'state'

2021/01/20 11:35:52 : orders_errors 2: Traceback (most recent call last):
  File "/opt/lampp/htdocs/v32/cartmigration/controllers/migration.py", line 1072, in migration
    import_data = fn_import(convert_data, main, ext)
  File "/opt/lampp/htdocs/v32/cartmigration/models/cart/shopify.py", line 2945, in order_import
    if convert['billing_address']['state']['name'] or convert['billing_address']['state']['code']:
KeyError: 'state'

2021/01/20 11:35:53 : orders_errors 3: Traceback (most recent call last):
  File "/opt/lampp/htdocs/v32/cartmigration/controllers/migration.py", line 1072, in migration
    import_data = fn_import(convert_data, main, ext)
  File "/opt/lampp/htdocs/v32/cartmigration/models/cart/shopify.py", line 2945, in order_import
    if convert['billing_address']['state']['name'] or convert['billing_address']['state']['code']:
KeyError: 'state'

2021/01/20 11:35:54 : orders_errors 4: Traceback (most recent call last):
  File "/opt/lampp/htdocs/v32/cartmigration/controllers/migration.py", line 1072, in migration
    import_data = fn_import(convert_data, main, ext)
  File "/opt/lampp/htdocs/v32/cartmigration/models/cart/shopify.py", line 2945, in order_import
    if convert['billing_address']['state']['name'] or convert['billing_address']['state']['code']:
KeyError: 'state'

