2021/01/19 09:08:36 : Traceback (most recent call last):
  File "/opt/lampp/htdocs/v32/cartmigration/controllers/migration.py", line 665, in storage_data
    getattr(self.get_source_cart(), 'finish_storage_data')()
  File "/opt/lampp/htdocs/v32/cartmigration/models/basecart.py", line 3929, in finish_storage_data
    folder_upload = self.get_folder_upload(self._migration_id)
  File "/opt/lampp/htdocs/v32/cartmigration/models/basecart.py", line 3941, in get_folder_upload
    folder_upload = root_path + '/' + DIR_UPLOAD + '/' + get_config_ini('src', 'file', file = 'test.ini')
TypeError: must be str, not NoneType

2021/01/19 09:09:00 : import product 9 false.
2021/01/19 09:09:00 : import product 10 false.
2021/01/19 09:09:00 : import product 16 false.
2021/01/19 09:09:00 : import product 17 false.
2021/01/19 09:09:01 : import product 18 false.
2021/01/19 09:09:01 : import product 19 false.
2021/01/19 09:09:01 : import product 20 false.
2021/01/19 09:09:01 : import product 22 false.
2021/01/19 09:09:01 : import product 23 false.
2021/01/19 09:09:01 : import product 24 false.
2021/01/19 09:09:01 : import product 25 false.
2021/01/19 09:09:01 : import product 37 false.
2021/01/19 09:09:02 : import product 39 false.
2021/01/19 09:09:02 : import product 41 false.
2021/01/19 09:09:02 : import product 42 false.
2021/01/19 09:09:02 : import product 43 false.
2021/01/19 09:09:02 : import product 44 false.
2021/01/19 09:09:02 : import product 47 false.
2021/01/19 09:09:02 : import product 48 false.
2021/01/19 09:09:02 : import product 49 false.
